2023-12-18 02:50:39,628 INFO o.s.b.StartupInfoLogger [main] Starting CrudLogsProjectApplication using Java 20.0.2 with PID 20956 (C:\Users\Ali\IdeaProjects\CrudLogsProject\target\classes started by Ali in C:\Users\Ali\IdeaProjects\CrudLogsProject)
2023-12-18 02:50:39,637 DEBUG o.s.b.StartupInfoLogger [main] Running with Spring Boot v3.2.0, Spring v6.1.1
2023-12-18 02:50:39,638 INFO o.s.b.SpringApplication [main] No active profile set, falling back to 1 default profile: "default"
2023-12-18 02:50:40,307 INFO o.s.d.r.c.RepositoryConfigurationDelegate [main] Bootstrapping Spring Data JPA repositories in DEFAULT mode.
2023-12-18 02:50:40,371 INFO o.s.d.r.c.RepositoryConfigurationDelegate [main] Finished Spring Data repository scanning in 55 ms. Found 2 JPA repository interfaces.
2023-12-18 02:50:40,908 INFO o.s.b.w.e.t.TomcatWebServer [main] Tomcat initialized with port 8080 (http)
2023-12-18 02:50:40,919 INFO o.a.j.l.DirectJDKLog [main] Initializing ProtocolHandler ["http-nio-8080"]
2023-12-18 02:50:40,922 INFO o.a.j.l.DirectJDKLog [main] Starting service [Tomcat]
2023-12-18 02:50:40,922 INFO o.a.j.l.DirectJDKLog [main] Starting Servlet engine: [Apache Tomcat/10.1.16]
2023-12-18 02:50:40,979 INFO o.a.j.l.DirectJDKLog [main] Initializing Spring embedded WebApplicationContext
2023-12-18 02:50:40,980 INFO o.s.b.w.s.c.ServletWebServerApplicationContext [main] Root WebApplicationContext: initialization completed in 1296 ms
2023-12-18 02:50:41,168 INFO o.h.j.i.u.LogHelper [main] HHH000204: Processing PersistenceUnitInfo [name: default]
2023-12-18 02:50:41,230 INFO o.h.Version [main] HHH000412: Hibernate ORM core version 6.3.1.Final
2023-12-18 02:50:41,281 INFO o.h.c.i.RegionFactoryInitiator [main] HHH000026: Second-level cache disabled
2023-12-18 02:50:41,546 INFO o.s.o.j.p.SpringPersistenceUnitInfo [main] No LoadTimeWeaver setup: ignoring JPA class transformer
2023-12-18 02:50:41,580 INFO c.z.h.HikariDataSource [main] HikariPool-1 - Starting...
2023-12-18 02:50:41,939 INFO c.z.h.p.HikariPool [main] HikariPool-1 - Added connection com.mysql.cj.jdbc.ConnectionImpl@43778371
2023-12-18 02:50:41,941 INFO c.z.h.HikariDataSource [main] HikariPool-1 - Start completed.
2023-12-18 02:50:42,999 INFO o.h.e.t.j.p.i.JtaPlatformInitiator [main] HHH000489: No JTA platform available (set 'hibernate.transaction.jta.platform' to enable JTA platform integration)
2023-12-18 02:50:43,062 INFO o.s.o.j.AbstractEntityManagerFactoryBean [main] Initialized JPA EntityManagerFactory for persistence unit 'default'
2023-12-18 02:50:43,351 WARN o.s.b.a.o.j.JpaBaseConfiguration$JpaWebConfiguration [main] spring.jpa.open-in-view is enabled by default. Therefore, database queries may be performed during view rendering. Explicitly configure spring.jpa.open-in-view to disable this warning
2023-12-18 02:50:43,729 INFO o.a.j.l.DirectJDKLog [main] Starting ProtocolHandler ["http-nio-8080"]
2023-12-18 02:50:43,748 INFO o.s.b.w.e.t.TomcatWebServer [main] Tomcat started on port 8080 (http) with context path ''
2023-12-18 02:50:43,756 INFO o.s.b.StartupInfoLogger [main] Started CrudLogsProjectApplication in 4.512 seconds (process running for 5.62)
2023-12-18 02:50:46,236 INFO o.a.j.l.DirectJDKLog [http-nio-8080-exec-3] Initializing Spring DispatcherServlet 'dispatcherServlet'
2023-12-18 02:50:46,237 INFO o.s.w.s.FrameworkServlet [http-nio-8080-exec-3] Initializing Servlet 'dispatcherServlet'
2023-12-18 02:50:46,238 INFO o.s.w.s.FrameworkServlet [http-nio-8080-exec-3] Completed initialization in 1 ms
2023-12-18 02:50:46,259 WARN o.s.w.s.h.AbstractHandlerExceptionResolver [http-nio-8080-exec-3] Resolved [org.springframework.web.HttpRequestMethodNotSupportedException: Request method 'POST' is not supported]
2023-12-18 02:52:44,012 INFO c.e.c.c.UserController [http-nio-8080-exec-5] Kullanıcı başarıyla eklendi - HTTP Status: 200 OK
2023-12-18 02:55:09,431 INFO o.s.o.j.AbstractEntityManagerFactoryBean [SpringApplicationShutdownHook] Closing JPA EntityManagerFactory for persistence unit 'default'
2023-12-18 02:55:09,433 INFO c.z.h.HikariDataSource [SpringApplicationShutdownHook] HikariPool-1 - Shutdown initiated...
2023-12-18 02:55:09,444 INFO c.z.h.HikariDataSource [SpringApplicationShutdownHook] HikariPool-1 - Shutdown completed.
